Using pre-set license
Built from '2021.2/release' branch; Version is '2021.2.0f1 (4bf1ec4b23c9) revision 4977132'; Using compiler version '192829333'; Build Type 'Release'
OS: 'Windows 10 Pro; OS build 19042.906; Version 2009; 64bit' Language: 'ja' Physical Memory: 32585 MB
BatchMode: 1, IsHumanControllingUs: 0, StartBugReporterOnCrash: 0, Is64bit: 1, IsPro: 0

COMMAND LINE ARGUMENTS:
C:\Program Files\Unity\Hub\Editor\2021.2.0f1\Editor\Unity.exe
-adb2
-batchMode
-noUpm
-name
AssetImportWorker2
-projectPath
C:/Users/nwuser.DA/Desktop/2ねん/進級選択/StationaryRace/StationaryRace
-logFile
Logs/AssetImportWorker2.log
-srvPort
58564
Successfully changed project path to: C:/Users/nwuser.DA/Desktop/2ねん/進級選択/StationaryRace/StationaryRace
C:/Users/nwuser.DA/Desktop/2ねん/進級選択/StationaryRace/StationaryRace
[UnityMemory] Configuration Parameters - Can be set up in boot.config
    "memorysetup-bucket-allocator-granularity=16"
    "memorysetup-bucket-allocator-bucket-count=8"
    "memorysetup-bucket-allocator-block-size=33554432"
    "memorysetup-bucket-allocator-block-count=8"
    "memorysetup-main-allocator-block-size=16777216"
    "memorysetup-thread-allocator-block-size=16777216"
    "memorysetup-gfx-main-allocator-block-size=16777216"
    "memorysetup-gfx-thread-allocator-block-size=16777216"
    "memorysetup-cache-allocator-block-size=4194304"
    "memorysetup-typetree-allocator-block-size=2097152"
    "memorysetup-profiler-bucket-allocator-granularity=16"
    "memorysetup-profiler-bucket-allocator-bucket-count=8"
    "memorysetup-profiler-bucket-allocator-block-size=33554432"
    "memorysetup-profiler-bucket-allocator-block-count=8"
    "memorysetup-profiler-allocator-block-size=16777216"
    "memorysetup-profiler-editor-allocator-block-size=1048576"
    "memorysetup-temp-allocator-size-main=16777216"
    "memorysetup-job-temp-allocator-block-size=2097152"
    "memorysetup-job-temp-allocator-block-size-background=1048576"
    "memorysetup-job-temp-allocator-reduction-small-platforms=262144"
    "memorysetup-temp-allocator-size-background-worker=32768"
    "memorysetup-temp-allocator-size-job-worker=262144"
    "memorysetup-temp-allocator-size-preload-manager=33554432"
    "memorysetup-temp-allocator-size-nav-mesh-worker=65536"
    "memorysetup-temp-allocator-size-audio-worker=65536"
    "memorysetup-temp-allocator-size-cloud-worker=32768"
    "memorysetup-temp-allocator-size-gi-baking-worker=262144"
    "memorysetup-temp-allocator-size-gfx=262144"
Refreshing native plugins compatible for Editor in 98.62 ms, found 3 plugins.
Preloading 0 native plugins for Editor in 0.00 ms.
Initialize engine version: 2021.2.0f1 (4bf1ec4b23c9)
[Subsystems] Discovering subsystems at path C:/Program Files/Unity/Hub/Editor/2021.2.0f1/Editor/Data/Resources/UnitySubsystems
[Subsystems] Discovering subsystems at path C:/Users/nwuser.DA/Desktop/2ねん/進級選択/StationaryRace/StationaryRace/Assets
GfxDevice: creating device client; threaded=0; jobified=0
Direct3D:
    Version:  Direct3D 11.0 [level 11.1]
    Renderer: NVIDIA GeForce RTX 3070 Laptop GPU (ID=0x249d)
    Vendor:   NVIDIA
    VRAM:     8044 MB
    Driver:   30.0.15.1215
Initialize mono
Mono path[0] = 'C:/Program Files/Unity/Hub/Editor/2021.2.0f1/Editor/Data/Managed'
Mono path[1] = 'C:/Program Files/Unity/Hub/Editor/2021.2.0f1/Editor/Data/MonoBleedingEdge/lib/mono/unityjit-win32'
Mono config path = 'C:/Program Files/Unity/Hub/Editor/2021.2.0f1/Editor/Data/MonoBleedingEdge/etc'
Using monoOptions --debugger-agent=transport=dt_socket,embedding=1,server=y,suspend=n,address=127.0.0.1:56496
Begin MonoManager ReloadAssembly
Registering precompiled unity dll's ...
Register platform support module: C:/Program Files/Unity/Hub/Editor/2021.2.0f1/Editor/Data/PlaybackEngines/WindowsStandaloneSupport/UnityEditor.WindowsStandalone.Extensions.dll
Registered in 0.006448 seconds.
Native extension for WindowsStandalone target not found
Refreshing native plugins compatible for Editor in 98.15 ms, found 3 plugins.
Preloading 0 native plugins for Editor in 0.00 ms.
Mono: successfully reloaded assembly
- Completed reload, in  0.803 seconds
Domain Reload Profiling:
	ReloadAssembly (803ms)
		BeginReloadAssembly (65ms)
			ExecutionOrderSort (0ms)
			DisableScriptedObjects (0ms)
			BackupInstance (0ms)
			ReleaseScriptingObjects (0ms)
			CreateAndSetChildDomain (1ms)
		EndReloadAssembly (444ms)
			LoadAssemblies (63ms)
			RebuildTransferFunctionScriptingTraits (0ms)
			SetupTypeCache (95ms)
			ReleaseScriptCaches (0ms)
			RebuildScriptCaches (28ms)
			SetupLoadedEditorAssemblies (258ms)
				LogAssemblyErrors (0ms)
				InitializePlatformSupportModulesInManaged (7ms)
				SetLoadedEditorAssemblies (0ms)
				RefreshPlugins (98ms)
				BeforeProcessingInitializeOnLoad (1ms)
				ProcessInitializeOnLoadAttributes (112ms)
				ProcessInitializeOnLoadMethodAttributes (40ms)
				AfterProcessingInitializeOnLoad (0ms)
				EditorAssembliesLoaded (0ms)
			ExecutionOrderSort2 (0ms)
			AwakeInstancesAfterBackupRestoration (0ms)
Platform modules already initialized, skipping
Registering precompiled user dll's ...
Registered in 0.006354 seconds.
Begin MonoManager ReloadAssembly
Symbol file data-0000027844A24E90 doesn't match image C:\Users\nwuser.DA\Desktop\2ねん\進級選択\StationaryRace\StationaryRace\Library\ScriptAssemblies\UnityEngine.Purchasing.Stores.dll
Symbol file LoadedFromMemory is not a mono symbol file
Symbol file LoadedFromMemory doesn't match image C:\Users\nwuser.DA\Desktop\2ねん\進級選択\StationaryRace\StationaryRace\Library\PackageCache\com.unity.visualscripting@1.7.2\Editor\VisualScripting.Core\Dependencies\DotNetZip\Unity.VisualScripting.IonicZip.dll
Symbol file LoadedFromMemory doesn't match image C:\Users\nwuser.DA\Desktop\2ねん\進級選択\StationaryRace\StationaryRace\Library\PackageCache\com.unity.visualscripting@1.7.2\Editor\VisualScripting.Core\Dependencies\YamlDotNet\Unity.VisualScripting.YamlDotNet.dll
Native extension for WindowsStandalone target not found
Refreshing native plugins compatible for Editor in 0.89 ms, found 3 plugins.
Preloading 0 native plugins for Editor in 0.00 ms.
Package Manager log level set to [2]
Mono: successfully reloaded assembly
- Completed reload, in  1.701 seconds
Domain Reload Profiling:
	ReloadAssembly (1701ms)
		BeginReloadAssembly (153ms)
			ExecutionOrderSort (0ms)
			DisableScriptedObjects (6ms)
			BackupInstance (0ms)
			ReleaseScriptingObjects (0ms)
			CreateAndSetChildDomain (16ms)
		EndReloadAssembly (1455ms)
			LoadAssemblies (70ms)
			RebuildTransferFunctionScriptingTraits (0ms)
			SetupTypeCache (200ms)
			ReleaseScriptCaches (1ms)
			RebuildScriptCaches (46ms)
			SetupLoadedEditorAssemblies (1038ms)
				LogAssemblyErrors (0ms)
				InitializePlatformSupportModulesInManaged (11ms)
				SetLoadedEditorAssemblies (0ms)
				RefreshPlugins (1ms)
				BeforeProcessingInitializeOnLoad (91ms)
				ProcessInitializeOnLoadAttributes (846ms)
				ProcessInitializeOnLoadMethodAttributes (81ms)
				AfterProcessingInitializeOnLoad (8ms)
				EditorAssembliesLoaded (0ms)
			ExecutionOrderSort2 (0ms)
			AwakeInstancesAfterBackupRestoration (5ms)
Platform modules already initialized, skipping
========================================================================
Worker process is ready to serve import requests
Launched and connected shader compiler UnityShaderCompiler.exe after 0.05 seconds
Refreshing native plugins compatible for Editor in 1.13 ms, found 3 plugins.
Preloading 0 native plugins for Editor in 0.00 ms.
Unloading 3986 Unused Serialized files (Serialized files now loaded: 0)
Unloading 64 unused Assets / (56.9 KB). Loaded Objects now: 4417.
Memory consumption went from 152.0 MB to 151.9 MB.
Total: 6.879900 ms (FindLiveObjects: 0.307700 ms CreateObjectMapping: 0.286500 ms MarkObjects: 6.174800 ms  DeleteObjects: 0.109900 ms)

AssetImportParameters requested are different than current active one (requested -> active):
  custom:video-decoder-ogg-theora: a1e56fd34408186e4bbccfd4996cb3dc -> 
  custom:container-muxer-webm: aa71ff27fc2769a1b78a27578f13a17b -> 
  custom:container-demuxer-webm: 4f35f7cbe854078d1ac9338744f61a02 -> 
  custom:video-encoder-webm-vp8: eb34c28f22e8b96e1ab97ce403110664 -> 
  custom:audio-encoder-webm-vorbis: bf7c407c2cedff20999df2af8eb42d56 -> 
  custom:framework-win-MediaFoundation: 216162199b28c13a410421893ffa2e32 -> 
  custom:container-demuxer-ogg: 62fdf1f143b41e24485cea50d1cbac27 -> 
  custom:video-decoder-webm-vp8: 9c59270c3fd7afecdb556c50c9e8de78 -> 
  custom:audio-decoder-ogg-vorbis: bf7c407c2cedff20999df2af8eb42d56 -> 
========================================================================
Received Import Request.
  Time since last request: 13791.618908 seconds.
  path: Assets/gazou
  artifactKey: Guid(25cd9899f1b89324a86bae4e88ae97a1) Importer(815301076,1909f56bfc062723c751e8b465ee728b)
Start importing Assets/gazou using Guid(25cd9899f1b89324a86bae4e88ae97a1) Importer(815301076,1909f56bfc062723c751e8b465ee728b)  -> (artifact id: '0d1186c40654d7884230837d298ac7cc') in 0.009373 seconds 
========================================================================
Received Import Request.
  Time since last request: 0.061573 seconds.
  path: Assets/gazou/5745.png
  artifactKey: Guid(ca90a11d94e36c648a15b34d21b1780f) Importer(815301076,1909f56bfc062723c751e8b465ee728b)
Start importing Assets/gazou/5745.png using Guid(ca90a11d94e36c648a15b34d21b1780f) Importer(815301076,1909f56bfc062723c751e8b465ee728b)  -> (artifact id: '1e39445da0e08d93d9af03e88e2b7750') in 0.168716 seconds 
========================================================================
Received Import Request.
  Time since last request: 0.000021 seconds.
  path: Assets/gazou/S__32612357.jpg
  artifactKey: Guid(ebc4c2fceb770f54e82609b25bd24ad2) Importer(815301076,1909f56bfc062723c751e8b465ee728b)
Start importing Assets/gazou/S__32612357.jpg using Guid(ebc4c2fceb770f54e82609b25bd24ad2) Importer(815301076,1909f56bfc062723c751e8b465ee728b)  -> (artifact id: '943d3b93d16f994ff7e94d3875f37816') in 0.033243 seconds 
========================================================================
Received Import Request.
  Time since last request: 0.000080 seconds.
  path: Assets/gazou/New Material.mat
  artifactKey: Guid(0d69c813e7575e248a5fb7e06d6860fa) Importer(815301076,1909f56bfc062723c751e8b465ee728b)
Start importing Assets/gazou/New Material.mat using Guid(0d69c813e7575e248a5fb7e06d6860fa) Importer(815301076,1909f56bfc062723c751e8b465ee728b)  -> (artifact id: 'b604b3768133ec982e3660a56541e70b') in 0.140478 seconds 
========================================================================
Received Import Request.
  Time since last request: 2.379071 seconds.
  path: Assets/Matelal
  artifactKey: Guid(16ee54f277435ea40889f5a17fad1690) Importer(815301076,1909f56bfc062723c751e8b465ee728b)
Start importing Assets/Matelal using Guid(16ee54f277435ea40889f5a17fad1690) Importer(815301076,1909f56bfc062723c751e8b465ee728b)  -> (artifact id: '05446e5d935f570726ffc8049e434c9a') in 0.002850 seconds 
========================================================================
Received Import Request.
  Time since last request: 0.061454 seconds.
  path: Assets/Matelal/CARDBOARD.mat
  artifactKey: Guid(dc89b1c67d46519479f1c1073dd4fa20) Importer(815301076,1909f56bfc062723c751e8b465ee728b)
Start importing Assets/Matelal/CARDBOARD.mat using Guid(dc89b1c67d46519479f1c1073dd4fa20) Importer(815301076,1909f56bfc062723c751e8b465ee728b)  -> (artifact id: 'f8ba0325b62759379f1f3334f9241185') in 0.012809 seconds 
========================================================================
Received Import Request.
  Time since last request: 0.000015 seconds.
  path: Assets/Matelal/Material_Blue.mat
  artifactKey: Guid(75d0a7ba22eabfd4f94dab19bf3db95c) Importer(815301076,1909f56bfc062723c751e8b465ee728b)
Start importing Assets/Matelal/Material_Blue.mat using Guid(75d0a7ba22eabfd4f94dab19bf3db95c) Importer(815301076,1909f56bfc062723c751e8b465ee728b)  -> (artifact id: '3ca80c4808cb47671a2e498c57de8ec7') in 0.014583 seconds 
========================================================================
Received Import Request.
  Time since last request: 1.865161 seconds.
  path: Assets/Materials
  artifactKey: Guid(b69ea2452f0600844b543d9fa9fd93f8) Importer(815301076,1909f56bfc062723c751e8b465ee728b)
Start importing Assets/Materials using Guid(b69ea2452f0600844b543d9fa9fd93f8) Importer(815301076,1909f56bfc062723c751e8b465ee728b)  -> (artifact id: '46a23dabdecd0d8814089b1bd9e2079f') in 0.002391 seconds 
========================================================================
Received Import Request.
  Time since last request: 0.067311 seconds.
  path: Assets/Materials/MECHANICAL_PEN_LEAD.mat
  artifactKey: Guid(1943784ce956bf6438c62d4de2177dbc) Importer(815301076,1909f56bfc062723c751e8b465ee728b)
Start importing Assets/Materials/MECHANICAL_PEN_LEAD.mat using Guid(1943784ce956bf6438c62d4de2177dbc) Importer(815301076,1909f56bfc062723c751e8b465ee728b)  -> (artifact id: '01237d1eee55edb80de6e7a53459fb4e') in 0.011912 seconds 
========================================================================
Received Import Request.
  Time since last request: 1.981976 seconds.
  path: Assets/prefabs
  artifactKey: Guid(05202c0b33092314895b43822bfb9a34) Importer(815301076,1909f56bfc062723c751e8b465ee728b)
Start importing Assets/prefabs using Guid(05202c0b33092314895b43822bfb9a34) Importer(815301076,1909f56bfc062723c751e8b465ee728b)  -> (artifact id: '21daf2cfc1b01bdb04b20f507fdc4248') in 0.002639 seconds 
========================================================================
Received Import Request.
  Time since last request: 0.057616 seconds.
  path: Assets/prefabs/setitembox.prefab
  artifactKey: Guid(18527d5c62d43a0459cb624db2b11714) Importer(815301076,1909f56bfc062723c751e8b465ee728b)
Start importing Assets/prefabs/setitembox.prefab using Guid(18527d5c62d43a0459cb624db2b11714) Importer(815301076,1909f56bfc062723c751e8b465ee728b)  -> (artifact id: '707e4589330dbcd40237819bbfa9706d') in 0.031130 seconds 
========================================================================
Received Import Request.
  Time since last request: 2.071830 seconds.
  path: Assets/Resources
  artifactKey: Guid(c73ba80cceb4f5844822e0e5dbc89fcb) Importer(815301076,1909f56bfc062723c751e8b465ee728b)
Start importing Assets/Resources using Guid(c73ba80cceb4f5844822e0e5dbc89fcb) Importer(815301076,1909f56bfc062723c751e8b465ee728b)  -> (artifact id: '1018e4847c1e3ba29a95e66ecb897b31') in 0.002447 seconds 
========================================================================
Received Import Request.
  Time since last request: 52.022763 seconds.
  path: Assets/Scenes/TestDemo.unity
  artifactKey: Guid(fa09099e6a66e284eab37aa452a58455) Importer(815301076,1909f56bfc062723c751e8b465ee728b)
Start importing Assets/Scenes/TestDemo.unity using Guid(fa09099e6a66e284eab37aa452a58455) Importer(815301076,1909f56bfc062723c751e8b465ee728b)  -> (artifact id: '31e84948e8722e88974d2b07f5b08709') in 0.002803 seconds 
========================================================================
Received Import Request.
  Time since last request: 36.012861 seconds.
  path: Assets/Scenes/TestDemo.unity
  artifactKey: Guid(fa09099e6a66e284eab37aa452a58455) Importer(815301076,1909f56bfc062723c751e8b465ee728b)
Start importing Assets/Scenes/TestDemo.unity using Guid(fa09099e6a66e284eab37aa452a58455) Importer(815301076,1909f56bfc062723c751e8b465ee728b)  -> (artifact id: 'b569ad463b83974723907375ea4d62a8') in 0.002197 seconds 
========================================================================
Received Prepare
Registering precompiled user dll's ...
Registered in 0.006143 seconds.
Begin MonoManager ReloadAssembly
Symbol file data-000002784D0D1C30 doesn't match image C:\Users\nwuser.DA\Desktop\2ねん\進級選択\StationaryRace\StationaryRace\Library\ScriptAssemblies\UnityEngine.Purchasing.Stores.dll
Symbol file LoadedFromMemory is not a mono symbol file
Symbol file LoadedFromMemory doesn't match image C:\Users\nwuser.DA\Desktop\2ねん\進級選択\StationaryRace\StationaryRace\Library\PackageCache\com.unity.visualscripting@1.7.2\Editor\VisualScripting.Core\Dependencies\DotNetZip\Unity.VisualScripting.IonicZip.dll
Symbol file LoadedFromMemory doesn't match image C:\Users\nwuser.DA\Desktop\2ねん\進級選択\StationaryRace\StationaryRace\Library\PackageCache\com.unity.visualscripting@1.7.2\Editor\VisualScripting.Core\Dependencies\YamlDotNet\Unity.VisualScripting.YamlDotNet.dll
Native extension for WindowsStandalone target not found
Refreshing native plugins compatible for Editor in 0.89 ms, found 3 plugins.
Preloading 0 native plugins for Editor in 0.00 ms.
Mono: successfully reloaded assembly
- Completed reload, in  1.283 seconds
Domain Reload Profiling:
	ReloadAssembly (1283ms)
		BeginReloadAssembly (132ms)
			ExecutionOrderSort (0ms)
			DisableScriptedObjects (8ms)
			BackupInstance (0ms)
			ReleaseScriptingObjects (0ms)
			CreateAndSetChildDomain (39ms)
		EndReloadAssembly (1056ms)
			LoadAssemblies (82ms)
			RebuildTransferFunctionScriptingTraits (0ms)
			SetupTypeCache (304ms)
			ReleaseScriptCaches (1ms)
			RebuildScriptCaches (40ms)
			SetupLoadedEditorAssemblies (519ms)
				LogAssemblyErrors (0ms)
				InitializePlatformSupportModulesInManaged (12ms)
				SetLoadedEditorAssemblies (0ms)
				RefreshPlugins (1ms)
				BeforeProcessingInitializeOnLoad (73ms)
				ProcessInitializeOnLoadAttributes (339ms)
				ProcessInitializeOnLoadMethodAttributes (84ms)
				AfterProcessingInitializeOnLoad (10ms)
				EditorAssembliesLoaded (0ms)
			ExecutionOrderSort2 (0ms)
			AwakeInstancesAfterBackupRestoration (10ms)
Platform modules already initialized, skipping
Refreshing native plugins compatible for Editor in 0.89 ms, found 3 plugins.
Preloading 0 native plugins for Editor in 0.00 ms.
Unloading 3969 Unused Serialized files (Serialized files now loaded: 0)
Unloading 57 unused Assets / (27.2 KB). Loaded Objects now: 4494.
Memory consumption went from 156.3 MB to 156.3 MB.
Total: 5.872600 ms (FindLiveObjects: 0.401800 ms CreateObjectMapping: 0.238900 ms MarkObjects: 5.191900 ms  DeleteObjects: 0.039500 ms)

AssetImportParameters requested are different than current active one (requested -> active):
  custom:video-decoder-ogg-theora: a1e56fd34408186e4bbccfd4996cb3dc -> 
  custom:container-muxer-webm: aa71ff27fc2769a1b78a27578f13a17b -> 
  custom:container-demuxer-webm: 4f35f7cbe854078d1ac9338744f61a02 -> 
  custom:video-encoder-webm-vp8: eb34c28f22e8b96e1ab97ce403110664 -> 
  custom:audio-encoder-webm-vorbis: bf7c407c2cedff20999df2af8eb42d56 -> 
  custom:framework-win-MediaFoundation: 216162199b28c13a410421893ffa2e32 -> 
  custom:container-demuxer-ogg: 62fdf1f143b41e24485cea50d1cbac27 -> 
  custom:video-decoder-webm-vp8: 9c59270c3fd7afecdb556c50c9e8de78 -> 
  custom:audio-decoder-ogg-vorbis: bf7c407c2cedff20999df2af8eb42d56 -> 
